SQL> @q01.sql

CNAME                BNAME                    AMOUNT                            
-------------------- -------------------- ----------                            
Battleship Jones     Peoples Bank              10000                            
Boris Iron           Bank of Bankerton          2000                            
Meghan Terrier       Bank of Bankerton          2500                            
Scott Terrier        Bank of Bankerton          2500                            
Timmy Shoe           Eastpac                     400                            

SQL> @q02.sql

CNAME                ADDRESS                                                    
-------------------- ------------------------------                             
Jane Thimble         5 Park Lane                                                
Battleship Jones     123 Park Lane                                              
Guy Monopoly         1 Park Lane                                                

SQL> @q03.sql

LTYPE          AMOUNT LOAN_DATE                                                 
---------- ---------- ---------                                                 
home            10000 05-MAR-01                                                 
personal         2000 03-FEB-09                                                 
car              2500 12-DEC-10                                                 
personal          400 18-AUG-15                                                 

SQL> @q04.sql

BRANCH_NAME          SUM(BALANCE)                                               
-------------------- ------------                                               
Railroad Branch            692.21                                               
Fleet Branch              1371.99                                               
Hobo Branch               2000.02                                               

SQL> @q05.sql

CNAME                IRD                                                        
-------------------- ---------                                                  
Guy Monopoly         23087920                                                   
Battleship Jones     123456781                                                  

SQL> @q06.sql

ACCTN CNAME                ATYPE                                                
----- -------------------- ----------                                           
04569 Meghan Terrier       savings                                              
04569 Scott Terrier        savings                                              
22053 Otto Mobyl           checking                                             

SQL> @q07.sql

BANK  BR BNAME                BRANCH_NAME             NUM_ACC                   
----- -- -------------------- -------------------- ----------                   
00128 03 Bank of Bankerton    Hobo Branch                   1                   
57558 78 Eastpac              Eastpac HQ                    2                   
00128 01 Bank of Bankerton    Fleet Branch                  2                   
00128 02 Bank of Bankerton    Trafalgar Branch              2                   
99147 27 Peoples Bank         Railroad Branch               2                   
99147 26 Peoples Bank         Trafalgar Branch              3                   

6 rows selected.

SQL> spool off
